<?xml version="1.0" encoding="UTF-8"?>
<testsuite xmlns:xsi="http://www.w3.org/2001/XMLSchema-instance" xsi:noNamespaceSchemaLocation="https://maven.apache.org/surefire/maven-surefire-plugin/xsd/surefire-test-report-3.0.xsd" version="3.0" name="com.vodacomtraining.demo.OrderandproductsApplicationTests" time="2.037" tests="1" errors="0" skipped="0" failures="0">
  <properties>
[...]
</properties>
  <testcase name="contextLoads" classname="com.vodacomtraining.demo.OrderandproductsApplicationTests" time="0.251">
    <system-out><![CDATA[07:55:53.722 [main] INFO org.springframework.test.context.support.AnnotationConfigContextLoaderUtils -- Could not detect default configuration classes for test class [com.vodacomtraining.demo.OrderandproductsApplicationTests]: OrderandproductsApplicationTests does not declare any static, non-private, non-final, nested classes annotated with @Configuration.
07:55:53.766 [main] INFO org.springframework.boot.test.context.SpringBootTestContextBootstrapper -- Found @SpringBootConfiguration com.vodacomtraining.demo.OrderandproductsApplication for test class com.vodacomtraining.demo.OrderandproductsApplicationTests

  .   ____          _            __ _ _
 /\\ / ___'_ __ _ _(_)_ __  __ _ \ \ \ \
( ( )\___ | '_ | '_| | '_ \/ _` | \ \ \ \
 \\/  ___)| |_)| | | | | || (_| |  ) ) ) )
  '  |____| .__|_| |_|_| |_\__, | / / / /
 =========|_|==============|___/=/_/_/_/

 :: Spring Boot ::                (v3.3.1)

2024-06-29T07:55:53.907+01:00  INFO 50157 --- [orderandproducts] [           main] c.v.d.OrderandproductsApplicationTests   : Starting OrderandproductsApplicationTests using Java 17.0.7 with PID 50157 (started by smile in /Users/smile/Downloads/demo 2/demo)
2024-06-29T07:55:53.908+01:00  INFO 50157 --- [orderandproducts] [           main] c.v.d.OrderandproductsApplicationTests   : No active profile set, falling back to 1 default profile: "default"
2024-06-29T07:55:54.159+01:00  INFO 50157 --- [orderandproducts] [           main] .s.d.r.c.RepositoryConfigurationDelegate : Bootstrapping Spring Data JPA repositories in DEFAULT mode.
2024-06-29T07:55:54.182+01:00  INFO 50157 --- [orderandproducts] [           main] .s.d.r.c.RepositoryConfigurationDelegate : Finished Spring Data repository scanning in 20 ms. Found 2 JPA repository interfaces.
2024-06-29T07:55:54.343+01:00  INFO 50157 --- [orderandproducts] [           main] o.hibernate.jpa.internal.util.LogHelper  : HHH000204: Processing PersistenceUnitInfo [name: default]
2024-06-29T07:55:54.369+01:00  INFO 50157 --- [orderandproducts] [           main] org.hibernate.Version                    : HHH000412: Hibernate ORM core version 6.5.2.Final
2024-06-29T07:55:54.384+01:00  INFO 50157 --- [orderandproducts] [           main] o.h.c.internal.RegionFactoryInitiator    : HHH000026: Second-level cache disabled
2024-06-29T07:55:54.506+01:00  INFO 50157 --- [orderandproducts] [           main] o.s.o.j.p.SpringPersistenceUnitInfo      : No LoadTimeWeaver setup: ignoring JPA class transformer
2024-06-29T07:55:54.517+01:00  INFO 50157 --- [orderandproducts] [           main] com.zaxxer.hikari.HikariDataSource       : HikariPool-1 - Starting...
2024-06-29T07:55:54.614+01:00  INFO 50157 --- [orderandproducts] [           main] com.zaxxer.hikari.pool.HikariPool        : HikariPool-1 - Added connection conn0: url=jdbc:h2:file:~/product-h2-db user=
2024-06-29T07:55:54.614+01:00  INFO 50157 --- [orderandproducts] [           main] com.zaxxer.hikari.HikariDataSource       : HikariPool-1 - Start completed.
2024-06-29T07:55:55.009+01:00  INFO 50157 --- [orderandproducts] [           main] o.h.e.t.j.p.i.JtaPlatformInitiator       : HHH000489: No JTA platform available (set 'hibernate.transaction.jta.platform' to enable JTA platform integration)
2024-06-29T07:55:55.021+01:00  INFO 50157 --- [orderandproducts] [           main] j.LocalContainerEntityManagerFactoryBean : Initialized JPA EntityManagerFactory for persistence unit 'default'
2024-06-29T07:55:55.180+01:00  WARN 50157 --- [orderandproducts] [           main] JpaBaseConfiguration$JpaWebConfiguration : spring.jpa.open-in-view is enabled by default. Therefore, database queries may be performed during view rendering. Explicitly configure spring.jpa.open-in-view to disable this warning
2024-06-29T07:55:55.188+01:00  INFO 50157 --- [orderandproducts] [           main] o.s.b.a.w.s.WelcomePageHandlerMapping    : Adding welcome page: class path resource [static/index.html]
2024-06-29T07:55:55.429+01:00  INFO 50157 --- [orderandproducts] [           main] c.v.d.OrderandproductsApplicationTests   : Started OrderandproductsApplicationTests in 1.607 seconds (process running for 2.026)
]]></system-out>
  </testcase>
</testsuite>